<?xml version="1.0" encoding="UTF-8"?>
<!-- Generated by org.testng.reporters.JUnitReportReporter -->
<testsuite hostname="MacBook-Air-Anna.local" failures="0" tests="1" name="com.herokuapp.theinternet.PositiveTest" time="22.503" errors="0" timestamp="2023-05-25T15:09:08 MESZ" skipped="0">
  <testcase classname="com.herokuapp.theinternet.PositiveTest" name="loginTest" time="22.503"/>
  <system-out/>
</testsuite> <!-- com.herokuapp.theinternet.PositiveTest -->
